2025-09-05 11:30:48,354 - INFO - GUI Initialized. Real-time logging is active.
2025-09-05 11:31:06,718 - INFO - Selected CSV file: E:/My projects/Scraping/goethe booking/acc.csv
2025-09-05 11:31:07,223 - INFO - CSV preview loaded: 3 users found.
2025-09-05 11:31:08,495 - INFO - ℹ️ Proxies are disabled by user.
2025-09-05 11:31:08,514 - INFO - ℹ️ Proxies are disabled by user.
2025-09-05 11:31:08,523 - INFO - 🤖 Proxy Pool: Proxies disabled. All tasks will use the server IP.
2025-09-05 11:31:08,524 - INFO - 🎯 Target URL: https://www.goethe.de/ins/in/en/spr/prf/gzb2.cfm?examId=0A0DC2D884DFFC8FD8DD5E9077CF51527BD48A2BEC95AAE509AF0EF887919AF9DF9BEBC88C1E294A8EEFFD8301DE498DEEF38F9653D152C9A57A8417C883CABA
2025-09-05 11:31:08,528 - INFO - 👥 Found 3 candidates.
2025-09-05 11:31:08,578 - INFO - Creating a dedicated monitor bot (using server IP)...
2025-09-05 11:31:08,605 - INFO - [PROXY] Bot instance running without a proxy (using server IP).
2025-09-05 11:31:08,605 - INFO - [INIT] Bot initialized with User-Agent: Mozilla/5.0 (Linux; Android 13; SM-S918B) AppleWeb...
2025-09-05 11:31:08,610 - INFO - [INIT] SSL context configured with secure ciphers
2025-09-05 11:31:08,616 - INFO - [INIT] Connection limits: 20 max, 10 keepalive
2025-09-05 11:31:08,620 - INFO - [INIT] Anti-bot settings: delay 0.5-2.0s, max retries 3
2025-09-05 11:31:08,624 - INFO - >>> Phase 1: Monitor exam URL for SELECT MODULES button
2025-09-05 11:31:08,629 - INFO - [MONITOR] Starting to monitor: https://www.goethe.de/ins/in/en/spr/prf/gzb2.cfm?examId=0A0DC2D884DFFC8FD8DD5E9077CF51527BD48A2BEC95AAE509AF0EF887919AF9DF9BEBC88C1E294A8EEFFD8301DE498DEEF38F9653D152C9A57A8417C883CABA
2025-09-05 11:31:08,632 - INFO - 🔍 [SESSION CHECK] Verifying session continuity at Phase 1...
2025-09-05 11:31:08,650 - INFO - 🍪 [COOKIES] Current cookie count: 0
2025-09-05 11:31:08,658 - INFO - ℹ️ [SESSION] No cookies found - this may be expected
2025-09-05 11:31:08,662 - INFO - ℹ️ [SESSION] This is expected for initial request
2025-09-05 11:31:09,849 - INFO - [SLOT-DETECTED] Exam button link found after 1.2s (1 checks)!
2025-09-05 11:31:09,849 - INFO - [URL-FOUND] Booking URL: https://www.goethe.de/coe?lang=en&oid=7482ca79729c948ee2ef6a560b9b1ba5ca547924c10d7929081e4d472d715d3e
2025-09-05 11:31:09,854 - INFO - ✅ SLOT FOUND! Starting parallel booking attempts...
2025-09-05 11:31:09,870 - INFO - 🚀 Executing 3 bookings in parallel...
2025-09-05 11:31:09,872 - INFO - -> [1] dianapious1998@gmail.com: Attempt 1 using IP: Main Server IP
2025-09-05 11:31:09,895 - INFO - [1] dianapious1998@gmail.com - [PROXY] Bot instance running without a proxy (using server IP).
2025-09-05 11:31:09,901 - INFO - [1] dianapious1998@gmail.com - [INIT] Bot initialized with User-Agent: Mozilla/5.0 (Windows NT 10.0; Win64; x64; rv:141.0...
2025-09-05 11:31:09,908 - INFO - [1] dianapious1998@gmail.com - [INIT] SSL context configured with secure ciphers
2025-09-05 11:31:09,919 - INFO - [1] dianapious1998@gmail.com - [INIT] Connection limits: 20 max, 10 keepalive
2025-09-05 11:31:09,924 - INFO - [1] dianapious1998@gmail.com - [INIT] Anti-bot settings: delay 0.5-2.0s, max retries 3
2025-09-05 11:31:09,931 - INFO - [1] dianapious1998@gmail.com - [ANTI-BOT] Settings adjusted to moderate: delay 0.5-2.0s, retries 3
2025-09-05 11:31:09,943 - INFO - [1] dianapious1998@gmail.com - [BOOKING] Starting booking process with moderate anti-bot protection
2025-09-05 11:31:09,949 - INFO - [1] dianapious1998@gmail.com - >>> Phase 1: Monitor exam URL for SELECT MODULES button
2025-09-05 11:31:09,960 - INFO - [1] dianapious1998@gmail.com - [MONITOR] Starting to monitor: https://www.goethe.de/ins/in/en/spr/prf/gzb2.cfm?examId=0A0DC2D884DFFC8FD8DD5E9077CF51527BD48A2BEC95AAE509AF0EF887919AF9DF9BEBC88C1E294A8EEFFD8301DE498DEEF38F9653D152C9A57A8417C883CABA
2025-09-05 11:31:09,966 - INFO - [1] dianapious1998@gmail.com - 🔍 [SESSION CHECK] Verifying session continuity at Phase 1...
2025-09-05 11:31:09,983 - INFO - [1] dianapious1998@gmail.com - 🍪 [COOKIES] Current cookie count: 0
2025-09-05 11:31:09,996 - INFO - ℹ️ [SESSION] No cookies found - this may be expected
2025-09-05 11:31:10,001 - INFO - [1] dianapious1998@gmail.com - ℹ️ [SESSION] This is expected for initial request
2025-09-05 11:31:10,005 - INFO - -> [2] miniponnappan007@gmail.com: Attempt 1 using IP: Main Server IP
2025-09-05 11:31:10,032 - INFO - [2] miniponnappan007@gmail.com - [PROXY] Bot instance running without a proxy (using server IP).
2025-09-05 11:31:10,034 - INFO - [2] miniponnappan007@gmail.com - [INIT] Bot initialized with User-Agent: Mozilla/5.0 (Windows NT 10.0; Win64; x64) AppleWeb...
2025-09-05 11:31:10,041 - INFO - [2] miniponnappan007@gmail.com - [INIT] SSL context configured with secure ciphers
2025-09-05 11:31:10,049 - INFO - [2] miniponnappan007@gmail.com - [INIT] Connection limits: 20 max, 10 keepalive
2025-09-05 11:31:10,055 - INFO - [2] miniponnappan007@gmail.com - [INIT] Anti-bot settings: delay 0.5-2.0s, max retries 3
2025-09-05 11:31:10,060 - INFO - [2] miniponnappan007@gmail.com - [ANTI-BOT] Settings adjusted to moderate: delay 0.5-2.0s, retries 3
2025-09-05 11:31:10,066 - INFO - [2] miniponnappan007@gmail.com - [BOOKING] Starting booking process with moderate anti-bot protection
2025-09-05 11:31:10,073 - INFO - [2] miniponnappan007@gmail.com - >>> Phase 1: Monitor exam URL for SELECT MODULES button
2025-09-05 11:31:10,080 - INFO - [2] miniponnappan007@gmail.com - [MONITOR] Starting to monitor: https://www.goethe.de/ins/in/en/spr/prf/gzb2.cfm?examId=0A0DC2D884DFFC8FD8DD5E9077CF51527BD48A2BEC95AAE509AF0EF887919AF9DF9BEBC88C1E294A8EEFFD8301DE498DEEF38F9653D152C9A57A8417C883CABA
2025-09-05 11:31:10,086 - INFO - [2] miniponnappan007@gmail.com - 🔍 [SESSION CHECK] Verifying session continuity at Phase 1...
2025-09-05 11:31:10,103 - INFO - [2] miniponnappan007@gmail.com - 🍪 [COOKIES] Current cookie count: 0
2025-09-05 11:31:10,111 - INFO - ℹ️ [SESSION] No cookies found - this may be expected
2025-09-05 11:31:10,117 - INFO - [2] miniponnappan007@gmail.com - ℹ️ [SESSION] This is expected for initial request
2025-09-05 11:31:10,121 - INFO - -> [3] abhinavyaks@gmail.com: Attempt 1 using IP: Main Server IP
2025-09-05 11:31:10,150 - INFO - [3] abhinavyaks@gmail.com - [PROXY] Bot instance running without a proxy (using server IP).
2025-09-05 11:31:10,150 - INFO - [3] abhinavyaks@gmail.com - [INIT] Bot initialized with User-Agent: Mozilla/5.0 (Linux; Android 13; SM-S918B) AppleWeb...
2025-09-05 11:31:10,157 - INFO - [3] abhinavyaks@gmail.com - [INIT] SSL context configured with secure ciphers
2025-09-05 11:31:10,164 - INFO - [3] abhinavyaks@gmail.com - [INIT] Connection limits: 20 max, 10 keepalive
2025-09-05 11:31:10,169 - INFO - [3] abhinavyaks@gmail.com - [INIT] Anti-bot settings: delay 0.5-2.0s, max retries 3
2025-09-05 11:31:10,176 - INFO - [3] abhinavyaks@gmail.com - [ANTI-BOT] Settings adjusted to moderate: delay 0.5-2.0s, retries 3
2025-09-05 11:31:10,181 - INFO - [3] abhinavyaks@gmail.com - [BOOKING] Starting booking process with moderate anti-bot protection
2025-09-05 11:31:10,187 - INFO - [3] abhinavyaks@gmail.com - >>> Phase 1: Monitor exam URL for SELECT MODULES button
2025-09-05 11:31:10,193 - INFO - [3] abhinavyaks@gmail.com - [MONITOR] Starting to monitor: https://www.goethe.de/ins/in/en/spr/prf/gzb2.cfm?examId=0A0DC2D884DFFC8FD8DD5E9077CF51527BD48A2BEC95AAE509AF0EF887919AF9DF9BEBC88C1E294A8EEFFD8301DE498DEEF38F9653D152C9A57A8417C883CABA
2025-09-05 11:31:10,199 - INFO - [3] abhinavyaks@gmail.com - 🔍 [SESSION CHECK] Verifying session continuity at Phase 1...
2025-09-05 11:31:10,215 - INFO - [3] abhinavyaks@gmail.com - 🍪 [COOKIES] Current cookie count: 0
2025-09-05 11:31:10,222 - INFO - ℹ️ [SESSION] No cookies found - this may be expected
2025-09-05 11:31:10,226 - INFO - [3] abhinavyaks@gmail.com - ℹ️ [SESSION] This is expected for initial request
2025-09-05 11:31:11,035 - INFO - [SLOT-DETECTED] Exam button link found after 0.8s (1 checks)!
2025-09-05 11:31:11,036 - INFO - [URL-FOUND] Booking URL: https://www.goethe.de/coe?lang=en&oid=7482ca79729c948ee2ef6a560b9b1ba5ca547924c10d7929081e4d472d715d3e
2025-09-05 11:31:11,041 - INFO - [3] abhinavyaks@gmail.com - [NAVIGATE] Slot found. Now navigating to the module selection page...
2025-09-05 11:31:11,052 - INFO - [3] abhinavyaks@gmail.com - [URL-FOUND] Using exam button link: https://www.goethe.de/coe?lang=en&oid=7482ca79729c948ee2ef6a560b9b1ba5ca547924c10d7929081e4d472d715d3e
2025-09-05 11:31:11,059 - INFO - [3] abhinavyaks@gmail.com - [NAVIGATE] Following link to: https://www.goethe.de/coe?lang=en&oid=7482ca79729c948ee2ef6a560b9b1ba5ca547924c10d7929081e4d472d715d3e
2025-09-05 11:31:11,076 - INFO - [SLOT-DETECTED] Exam button link found after 1.1s (1 checks)!
2025-09-05 11:31:11,083 - INFO - [URL-FOUND] Booking URL: https://www.goethe.de/coe?lang=en&oid=7482ca79729c948ee2ef6a560b9b1ba5ca547924c10d7929081e4d472d715d3e
2025-09-05 11:31:11,087 - INFO - [1] dianapious1998@gmail.com - [NAVIGATE] Slot found. Now navigating to the module selection page...
2025-09-05 11:31:11,097 - INFO - [1] dianapious1998@gmail.com - [URL-FOUND] Using exam button link: https://www.goethe.de/coe?lang=en&oid=7482ca79729c948ee2ef6a560b9b1ba5ca547924c10d7929081e4d472d715d3e
2025-09-05 11:31:11,103 - INFO - [1] dianapious1998@gmail.com - [NAVIGATE] Following link to: https://www.goethe.de/coe?lang=en&oid=7482ca79729c948ee2ef6a560b9b1ba5ca547924c10d7929081e4d472d715d3e
2025-09-05 11:31:11,347 - INFO - [SLOT-DETECTED] Exam button link found after 1.2s (1 checks)!
2025-09-05 11:31:11,348 - INFO - [URL-FOUND] Booking URL: https://www.goethe.de/coe?lang=en&oid=7482ca79729c948ee2ef6a560b9b1ba5ca547924c10d7929081e4d472d715d3e
2025-09-05 11:31:11,352 - INFO - [2] miniponnappan007@gmail.com - [NAVIGATE] Slot found. Now navigating to the module selection page...
2025-09-05 11:31:11,363 - INFO - [2] miniponnappan007@gmail.com - [URL-FOUND] Using exam button link: https://www.goethe.de/coe?lang=en&oid=7482ca79729c948ee2ef6a560b9b1ba5ca547924c10d7929081e4d472d715d3e
2025-09-05 11:31:11,369 - INFO - [2] miniponnappan007@gmail.com - [NAVIGATE] Following link to: https://www.goethe.de/coe?lang=en&oid=7482ca79729c948ee2ef6a560b9b1ba5ca547924c10d7929081e4d472d715d3e
2025-09-05 11:31:12,534 - WARNING - 🤖 [BOT-DETECTED] Possible bot detection indicators found
2025-09-05 11:31:12,536 - WARNING - 🤖 [URL] Current URL: https://www.goethe.de/coe?lang=en&oid=7482ca79729c948ee2ef6a560b9b1ba5ca547924c10d7929081e4d472d715d3e
2025-09-05 11:31:12,542 - INFO - [3] abhinavyaks@gmail.com - >>> Phase 2: Module Selection and Booking Initiation
2025-09-05 11:31:12,555 - INFO - [3] abhinavyaks@gmail.com - 🔍 [SESSION CHECK] Verifying session continuity at Phase 2...
2025-09-05 11:31:12,561 - INFO - [3] abhinavyaks@gmail.com - 🍪 [COOKIES] Current cookie count: 0
2025-09-05 11:31:12,570 - INFO - ℹ️ [SESSION] No cookies found - this may be expected
2025-09-05 11:31:12,576 - INFO - [3] abhinavyaks@gmail.com - [MODULES] Successfully loaded module page: https://www.goethe.de/coe?lang=en&oid=7482ca79729c948ee2ef6a560b9b1ba5ca547924c10d7929081e4d472d715d3e
2025-09-05 11:31:12,581 - INFO - [3] abhinavyaks@gmail.com - [MODULES] Setting up module selection...
2025-09-05 11:31:12,620 - INFO - [3] abhinavyaks@gmail.com - [MODULE-CHECK] Available on page: ['READING', 'LISTENING', 'WRITING']
2025-09-05 11:31:12,630 - INFO - [3] abhinavyaks@gmail.com - [MODULE-CHECK] Desired by user: ['READING']
2025-09-05 11:31:12,640 - INFO - [3] abhinavyaks@gmail.com - [MODULE-CONTINUE] At least one desired module found. Attempting to book: ['READING']
2025-09-05 11:31:12,669 - WARNING - [3] abhinavyaks@gmail.com - [WARN] No AJAX URL found for 'listening', cannot toggle.
2025-09-05 11:31:12,681 - WARNING - [3] abhinavyaks@gmail.com - [WARN] No AJAX URL found for 'writing', cannot toggle.
2025-09-05 11:31:12,689 - INFO - [3] abhinavyaks@gmail.com - ✅ [MODULES] All modules are in the correct state.
2025-09-05 11:31:12,697 - INFO - [3] abhinavyaks@gmail.com - [STATE SAVE] Final booked modules set to: ['READING']
2025-09-05 11:31:12,706 - INFO - [3] abhinavyaks@gmail.com - [MODULES] ✅ Module selection completed and page state is updated.
2025-09-05 11:31:12,714 - INFO - [3] abhinavyaks@gmail.com - [CONTINUE] Extracting and calling 'continue' link from module page...
2025-09-05 11:31:12,744 - WARNING - [AJAX-EXTRACT] No navSection-nextLink found on options page
2025-09-05 11:31:12,754 - ERROR - [3] abhinavyaks@gmail.com - [ERROR] Failed to navigate from module page to participant selection.
2025-09-05 11:31:12,760 - WARNING - 🤖 [BOT-DETECTED] Possible bot detection indicators found
2025-09-05 11:31:12,769 - WARNING - 🤖 [URL] Current URL: https://www.goethe.de/coe?lang=en&oid=7482ca79729c948ee2ef6a560b9b1ba5ca547924c10d7929081e4d472d715d3e
2025-09-05 11:31:12,776 - INFO - [1] dianapious1998@gmail.com - >>> Phase 2: Module Selection and Booking Initiation
2025-09-05 11:31:12,786 - INFO - [1] dianapious1998@gmail.com - 🔍 [SESSION CHECK] Verifying session continuity at Phase 2...
2025-09-05 11:31:12,792 - INFO - [1] dianapious1998@gmail.com - 🍪 [COOKIES] Current cookie count: 0
2025-09-05 11:31:12,800 - INFO - ℹ️ [SESSION] No cookies found - this may be expected
2025-09-05 11:31:12,805 - INFO - [1] dianapious1998@gmail.com - [MODULES] Successfully loaded module page: https://www.goethe.de/coe?lang=en&oid=7482ca79729c948ee2ef6a560b9b1ba5ca547924c10d7929081e4d472d715d3e
2025-09-05 11:31:12,809 - INFO - [1] dianapious1998@gmail.com - [MODULES] Setting up module selection...
2025-09-05 11:31:12,849 - INFO - [1] dianapious1998@gmail.com - [MODULE-CHECK] Available on page: ['READING', 'LISTENING', 'WRITING']
2025-09-05 11:31:12,857 - INFO - [1] dianapious1998@gmail.com - [MODULE-CHECK] Desired by user: ['READING', 'LISTENING']
2025-09-05 11:31:12,866 - INFO - [1] dianapious1998@gmail.com - [MODULE-CONTINUE] At least one desired module found. Attempting to book: ['READING', 'LISTENING']
2025-09-05 11:31:12,894 - WARNING - [1] dianapious1998@gmail.com - [WARN] No AJAX URL found for 'writing', cannot toggle.
2025-09-05 11:31:12,902 - INFO - [1] dianapious1998@gmail.com - ✅ [MODULES] All modules are in the correct state.
2025-09-05 11:31:12,909 - INFO - [1] dianapious1998@gmail.com - [STATE SAVE] Final booked modules set to: ['LISTENING', 'READING']
2025-09-05 11:31:12,915 - INFO - [1] dianapious1998@gmail.com - [MODULES] ✅ Module selection completed and page state is updated.
2025-09-05 11:31:12,921 - INFO - [1] dianapious1998@gmail.com - [CONTINUE] Extracting and calling 'continue' link from module page...
2025-09-05 11:31:12,950 - WARNING - [AJAX-EXTRACT] No navSection-nextLink found on options page
2025-09-05 11:31:12,958 - ERROR - [1] dianapious1998@gmail.com - [ERROR] Failed to navigate from module page to participant selection.
2025-09-05 11:31:12,963 - WARNING - 🤖 [BOT-DETECTED] Possible bot detection indicators found
2025-09-05 11:31:12,968 - WARNING - 🤖 [URL] Current URL: https://www.goethe.de/coe?lang=en&oid=7482ca79729c948ee2ef6a560b9b1ba5ca547924c10d7929081e4d472d715d3e
2025-09-05 11:31:12,978 - INFO - [2] miniponnappan007@gmail.com - >>> Phase 2: Module Selection and Booking Initiation
2025-09-05 11:31:12,994 - INFO - [2] miniponnappan007@gmail.com - 🔍 [SESSION CHECK] Verifying session continuity at Phase 2...
2025-09-05 11:31:13,000 - INFO - [2] miniponnappan007@gmail.com - 🍪 [COOKIES] Current cookie count: 0
2025-09-05 11:31:13,007 - INFO - ℹ️ [SESSION] No cookies found - this may be expected
2025-09-05 11:31:13,012 - INFO - [2] miniponnappan007@gmail.com - [MODULES] Successfully loaded module page: https://www.goethe.de/coe?lang=en&oid=7482ca79729c948ee2ef6a560b9b1ba5ca547924c10d7929081e4d472d715d3e
2025-09-05 11:31:13,017 - INFO - [2] miniponnappan007@gmail.com - [MODULES] Setting up module selection...
2025-09-05 11:31:13,048 - INFO - [2] miniponnappan007@gmail.com - [MODULE-CHECK] Available on page: ['READING', 'LISTENING', 'WRITING']
2025-09-05 11:31:13,055 - INFO - [2] miniponnappan007@gmail.com - [MODULE-CHECK] Desired by user: ['READING', 'LISTENING']
2025-09-05 11:31:13,062 - INFO - [2] miniponnappan007@gmail.com - [MODULE-CONTINUE] At least one desired module found. Attempting to book: ['READING', 'LISTENING']
2025-09-05 11:31:13,090 - WARNING - [2] miniponnappan007@gmail.com - [WARN] No AJAX URL found for 'writing', cannot toggle.
2025-09-05 11:31:13,102 - INFO - [2] miniponnappan007@gmail.com - ✅ [MODULES] All modules are in the correct state.
2025-09-05 11:31:13,108 - INFO - [2] miniponnappan007@gmail.com - [STATE SAVE] Final booked modules set to: ['LISTENING', 'READING']
2025-09-05 11:31:13,115 - INFO - [2] miniponnappan007@gmail.com - [MODULES] ✅ Module selection completed and page state is updated.
2025-09-05 11:31:13,123 - INFO - [2] miniponnappan007@gmail.com - [CONTINUE] Extracting and calling 'continue' link from module page...
2025-09-05 11:31:13,156 - WARNING - [AJAX-EXTRACT] No navSection-nextLink found on options page
2025-09-05 11:31:13,162 - ERROR - [2] miniponnappan007@gmail.com - [ERROR] Failed to navigate from module page to participant selection.
2025-09-05 11:31:13,167 - INFO - ❌ [1] dianapious1998@gmail.com: Booking failed with status: FAILED
2025-09-05 11:31:13,174 - INFO - ❌ [2] miniponnappan007@gmail.com: Booking failed with status: FAILED
2025-09-05 11:31:13,179 - INFO - ❌ [3] abhinavyaks@gmail.com: Booking failed with status: FAILED
2025-09-05 11:31:13,184 - INFO - 📊 Final Tally: 0 out of 3 bookings were successful.
2025-09-05 11:31:13,208 - INFO - 🛑 Booking stopped by user
2025-09-05 11:37:31,308 - INFO - GUI Initialized. Real-time logging is active.
2025-09-05 11:46:46,826 - INFO - GUI Initialized. Real-time logging is active.
2025-09-05 11:46:56,389 - INFO - Selected CSV file: E:/My projects/Scraping/goethe booking/acc.csv
2025-09-05 11:46:56,816 - INFO - CSV preview loaded: 3 users found.
2025-09-05 11:46:58,464 - INFO - ℹ️ Proxies are disabled by user.
2025-09-05 11:46:58,482 - INFO - ℹ️ Proxies are disabled by user.
2025-09-05 11:46:58,490 - INFO - 🤖 Proxy Pool: Proxies disabled. All tasks will use the server IP.
2025-09-05 11:46:58,491 - INFO - 🎯 Target URL: https://www.goethe.de/ins/in/en/spr/prf/gzb2.cfm?examId=0A0DC2D884DFFC8FD8DD5E9077CF51527BD48A2BEC95AAE509AF0EF887919AF9DF9BEBC88C1E294A8EEFFD8301DE498DEEF38F9653D152C9A57A8417C883CABA
2025-09-05 11:46:58,496 - INFO - 👥 Found 3 candidates.
2025-09-05 11:46:58,542 - INFO - Creating a dedicated monitor bot (using server IP)...
2025-09-05 11:46:58,568 - INFO - [PROXY] Bot instance running without a proxy (using server IP).
2025-09-05 11:46:58,569 - INFO - [INIT] Bot initialized with User-Agent: Mozilla/5.0 (Macintosh; Intel Mac OS X 11_6_5) App...
2025-09-05 11:46:58,573 - INFO - [INIT] SSL context configured with secure ciphers
2025-09-05 11:46:58,580 - INFO - [INIT] Connection limits: 20 max, 10 keepalive
2025-09-05 11:46:58,583 - INFO - [INIT] Anti-bot settings: delay 0.5-2.0s, max retries 3
2025-09-05 11:46:58,587 - INFO - >>> Phase 1: Monitor exam URL for SELECT MODULES button
2025-09-05 11:46:58,591 - INFO - [MONITOR] Starting to monitor: https://www.goethe.de/ins/in/en/spr/prf/gzb2.cfm?examId=0A0DC2D884DFFC8FD8DD5E9077CF51527BD48A2BEC95AAE509AF0EF887919AF9DF9BEBC88C1E294A8EEFFD8301DE498DEEF38F9653D152C9A57A8417C883CABA
2025-09-05 11:46:58,595 - INFO - 🔍 [SESSION CHECK] Verifying session continuity at Phase 1...
2025-09-05 11:46:58,611 - INFO - 🍪 [COOKIES] Current cookie count: 0
2025-09-05 11:46:58,615 - INFO - ℹ️ [SESSION] No cookies found - this may be expected
2025-09-05 11:46:58,619 - INFO - ℹ️ [SESSION] This is expected for initial request
2025-09-05 11:46:59,232 - INFO - [SLOT-DETECTED] Exam button link found after 0.6s (1 checks)!
2025-09-05 11:46:59,233 - INFO - [URL-FOUND] Booking URL: https://www.goethe.de/coe?lang=en&oid=7482ca79729c948ee2ef6a560b9b1ba5ca547924c10d7929081e4d472d715d3e
2025-09-05 11:46:59,237 - INFO - ✅ SLOT FOUND! Starting parallel booking attempts...
2025-09-05 11:46:59,257 - INFO - 🚀 Executing 3 bookings in parallel...
2025-09-05 11:46:59,259 - INFO - -> [1] dianapious1998@gmail.com: Attempt 1 using IP: Main Server IP
2025-09-05 11:46:59,288 - INFO - [1] dianapious1998@gmail.com - [PROXY] Bot instance running without a proxy (using server IP).
2025-09-05 11:46:59,289 - INFO - [1] dianapious1998@gmail.com - [INIT] Bot initialized with User-Agent: Mozilla/5.0 (Windows NT 10.0; Win64; x64; rv:142.0...
2025-09-05 11:46:59,301 - INFO - [1] dianapious1998@gmail.com - [INIT] SSL context configured with secure ciphers
2025-09-05 11:46:59,314 - INFO - [1] dianapious1998@gmail.com - [INIT] Connection limits: 20 max, 10 keepalive
2025-09-05 11:46:59,321 - INFO - [1] dianapious1998@gmail.com - [INIT] Anti-bot settings: delay 0.5-2.0s, max retries 3
2025-09-05 11:46:59,329 - INFO - [1] dianapious1998@gmail.com - [ANTI-BOT] Settings adjusted to moderate: delay 0.5-2.0s, retries 3
2025-09-05 11:46:59,334 - INFO - [1] dianapious1998@gmail.com - [BOOKING] Starting booking process with moderate anti-bot protection
2025-09-05 11:46:59,341 - INFO - [1] dianapious1998@gmail.com - >>> Phase 1: Monitor exam URL for SELECT MODULES button
2025-09-05 11:46:59,349 - INFO - [1] dianapious1998@gmail.com - [MONITOR] Starting to monitor: https://www.goethe.de/ins/in/en/spr/prf/gzb2.cfm?examId=0A0DC2D884DFFC8FD8DD5E9077CF51527BD48A2BEC95AAE509AF0EF887919AF9DF9BEBC88C1E294A8EEFFD8301DE498DEEF38F9653D152C9A57A8417C883CABA
2025-09-05 11:46:59,355 - INFO - [1] dianapious1998@gmail.com - 🔍 [SESSION CHECK] Verifying session continuity at Phase 1...
2025-09-05 11:46:59,371 - INFO - [1] dianapious1998@gmail.com - 🍪 [COOKIES] Current cookie count: 0
2025-09-05 11:46:59,378 - INFO - ℹ️ [SESSION] No cookies found - this may be expected
2025-09-05 11:46:59,383 - INFO - [1] dianapious1998@gmail.com - ℹ️ [SESSION] This is expected for initial request
2025-09-05 11:46:59,387 - INFO - -> [2] miniponnappan007@gmail.com: Attempt 1 using IP: Main Server IP
2025-09-05 11:46:59,418 - INFO - [2] miniponnappan007@gmail.com - [PROXY] Bot instance running without a proxy (using server IP).
2025-09-05 11:46:59,419 - INFO - [2] miniponnappan007@gmail.com - [INIT] Bot initialized with User-Agent: Mozilla/5.0 (Macintosh; Intel Mac OS X 10_15_7) Ap...
2025-09-05 11:46:59,426 - INFO - [2] miniponnappan007@gmail.com - [INIT] SSL context configured with secure ciphers
2025-09-05 11:46:59,434 - INFO - [2] miniponnappan007@gmail.com - [INIT] Connection limits: 20 max, 10 keepalive
2025-09-05 11:46:59,441 - INFO - [2] miniponnappan007@gmail.com - [INIT] Anti-bot settings: delay 0.5-2.0s, max retries 3
2025-09-05 11:46:59,448 - INFO - [2] miniponnappan007@gmail.com - [ANTI-BOT] Settings adjusted to moderate: delay 0.5-2.0s, retries 3
2025-09-05 11:46:59,455 - INFO - [2] miniponnappan007@gmail.com - [BOOKING] Starting booking process with moderate anti-bot protection
2025-09-05 11:46:59,461 - INFO - [2] miniponnappan007@gmail.com - >>> Phase 1: Monitor exam URL for SELECT MODULES button
2025-09-05 11:46:59,468 - INFO - [2] miniponnappan007@gmail.com - [MONITOR] Starting to monitor: https://www.goethe.de/ins/in/en/spr/prf/gzb2.cfm?examId=0A0DC2D884DFFC8FD8DD5E9077CF51527BD48A2BEC95AAE509AF0EF887919AF9DF9BEBC88C1E294A8EEFFD8301DE498DEEF38F9653D152C9A57A8417C883CABA
2025-09-05 11:46:59,474 - INFO - [2] miniponnappan007@gmail.com - 🔍 [SESSION CHECK] Verifying session continuity at Phase 1...
2025-09-05 11:46:59,491 - INFO - [2] miniponnappan007@gmail.com - 🍪 [COOKIES] Current cookie count: 0
2025-09-05 11:46:59,498 - INFO - ℹ️ [SESSION] No cookies found - this may be expected
2025-09-05 11:46:59,503 - INFO - [2] miniponnappan007@gmail.com - ℹ️ [SESSION] This is expected for initial request
2025-09-05 11:46:59,507 - INFO - -> [3] abhinavyaks@gmail.com: Attempt 1 using IP: Main Server IP
2025-09-05 11:46:59,536 - INFO - [3] abhinavyaks@gmail.com - [PROXY] Bot instance running without a proxy (using server IP).
2025-09-05 11:46:59,537 - INFO - [3] abhinavyaks@gmail.com - [INIT] Bot initialized with User-Agent: Mozilla/5.0 (Windows NT 10.0; Win64; x64; rv:140.0...
2025-09-05 11:46:59,542 - INFO - [3] abhinavyaks@gmail.com - [INIT] SSL context configured with secure ciphers
2025-09-05 11:46:59,550 - INFO - [3] abhinavyaks@gmail.com - [INIT] Connection limits: 20 max, 10 keepalive
2025-09-05 11:46:59,556 - INFO - [3] abhinavyaks@gmail.com - [INIT] Anti-bot settings: delay 0.5-2.0s, max retries 3
2025-09-05 11:46:59,561 - INFO - [3] abhinavyaks@gmail.com - [ANTI-BOT] Settings adjusted to moderate: delay 0.5-2.0s, retries 3
2025-09-05 11:46:59,566 - INFO - [3] abhinavyaks@gmail.com - [BOOKING] Starting booking process with moderate anti-bot protection
2025-09-05 11:46:59,573 - INFO - [3] abhinavyaks@gmail.com - >>> Phase 1: Monitor exam URL for SELECT MODULES button
2025-09-05 11:46:59,579 - INFO - [3] abhinavyaks@gmail.com - [MONITOR] Starting to monitor: https://www.goethe.de/ins/in/en/spr/prf/gzb2.cfm?examId=0A0DC2D884DFFC8FD8DD5E9077CF51527BD48A2BEC95AAE509AF0EF887919AF9DF9BEBC88C1E294A8EEFFD8301DE498DEEF38F9653D152C9A57A8417C883CABA
2025-09-05 11:46:59,584 - INFO - [3] abhinavyaks@gmail.com - 🔍 [SESSION CHECK] Verifying session continuity at Phase 1...
2025-09-05 11:46:59,601 - INFO - [3] abhinavyaks@gmail.com - 🍪 [COOKIES] Current cookie count: 0
2025-09-05 11:46:59,608 - INFO - ℹ️ [SESSION] No cookies found - this may be expected
2025-09-05 11:46:59,612 - INFO - [3] abhinavyaks@gmail.com - ℹ️ [SESSION] This is expected for initial request
2025-09-05 11:47:00,153 - INFO - [SLOT-DETECTED] Exam button link found after 0.5s (1 checks)!
2025-09-05 11:47:00,154 - INFO - [URL-FOUND] Booking URL: https://www.goethe.de/coe?lang=en&oid=7482ca79729c948ee2ef6a560b9b1ba5ca547924c10d7929081e4d472d715d3e
2025-09-05 11:47:00,159 - INFO - [3] abhinavyaks@gmail.com - [NAVIGATE] Slot found. Now navigating to the module selection page...
2025-09-05 11:47:00,168 - INFO - [3] abhinavyaks@gmail.com - [URL-FOUND] Using exam button link: https://www.goethe.de/coe?lang=en&oid=7482ca79729c948ee2ef6a560b9b1ba5ca547924c10d7929081e4d472d715d3e
2025-09-05 11:47:00,174 - INFO - [3] abhinavyaks@gmail.com - [NAVIGATE] Following link to: https://www.goethe.de/coe?lang=en&oid=7482ca79729c948ee2ef6a560b9b1ba5ca547924c10d7929081e4d472d715d3e
2025-09-05 11:47:01,221 - INFO - [SLOT-DETECTED] Exam button link found after 1.7s (1 checks)!
2025-09-05 11:47:01,222 - INFO - [URL-FOUND] Booking URL: https://www.goethe.de/coe?lang=en&oid=7482ca79729c948ee2ef6a560b9b1ba5ca547924c10d7929081e4d472d715d3e
2025-09-05 11:47:01,226 - INFO - [2] miniponnappan007@gmail.com - [NAVIGATE] Slot found. Now navigating to the module selection page...
2025-09-05 11:47:01,235 - INFO - [2] miniponnappan007@gmail.com - [URL-FOUND] Using exam button link: https://www.goethe.de/coe?lang=en&oid=7482ca79729c948ee2ef6a560b9b1ba5ca547924c10d7929081e4d472d715d3e
2025-09-05 11:47:01,241 - INFO - [2] miniponnappan007@gmail.com - [NAVIGATE] Following link to: https://www.goethe.de/coe?lang=en&oid=7482ca79729c948ee2ef6a560b9b1ba5ca547924c10d7929081e4d472d715d3e
2025-09-05 11:47:01,314 - INFO - [SLOT-DETECTED] Exam button link found after 1.9s (1 checks)!
2025-09-05 11:47:01,315 - INFO - [URL-FOUND] Booking URL: https://www.goethe.de/coe?lang=en&oid=7482ca79729c948ee2ef6a560b9b1ba5ca547924c10d7929081e4d472d715d3e
2025-09-05 11:47:01,320 - INFO - [1] dianapious1998@gmail.com - [NAVIGATE] Slot found. Now navigating to the module selection page...
2025-09-05 11:47:01,329 - INFO - [1] dianapious1998@gmail.com - [URL-FOUND] Using exam button link: https://www.goethe.de/coe?lang=en&oid=7482ca79729c948ee2ef6a560b9b1ba5ca547924c10d7929081e4d472d715d3e
2025-09-05 11:47:01,336 - INFO - [1] dianapious1998@gmail.com - [NAVIGATE] Following link to: https://www.goethe.de/coe?lang=en&oid=7482ca79729c948ee2ef6a560b9b1ba5ca547924c10d7929081e4d472d715d3e
2025-09-05 11:47:01,652 - INFO - [3] abhinavyaks@gmail.com - >>> Phase 2: Module Selection and Booking Initiation
2025-09-05 11:47:01,653 - INFO - [3] abhinavyaks@gmail.com - 🔍 [SESSION CHECK] Verifying session continuity at Phase 2...
2025-09-05 11:47:01,659 - INFO - [3] abhinavyaks@gmail.com - 🍪 [COOKIES] Current cookie count: 0
2025-09-05 11:47:01,665 - INFO - ℹ️ [SESSION] No cookies found - this may be expected
2025-09-05 11:47:01,671 - INFO - [3] abhinavyaks@gmail.com - [MODULES] Successfully loaded module page: https://www.goethe.de/coe?lang=en&oid=7482ca79729c948ee2ef6a560b9b1ba5ca547924c10d7929081e4d472d715d3e
2025-09-05 11:47:01,676 - INFO - [3] abhinavyaks@gmail.com - [MODULES] Setting up module selection...
2025-09-05 11:47:01,689 - INFO - [3] abhinavyaks@gmail.com - [MODULE-CHECK] Available on page: []
2025-09-05 11:47:01,694 - INFO - [3] abhinavyaks@gmail.com - [MODULE-CHECK] Desired by user: ['READING']
2025-09-05 11:47:01,698 - ERROR - [3] abhinavyaks@gmail.com - [MODULE-FAIL] None of the desired modules ['READING'] are available. Halting.
2025-09-05 11:47:01,703 - ERROR - [3] abhinavyaks@gmail.com - [ERROR] Module setup failed.
2025-09-05 11:47:02,375 - INFO - [1] dianapious1998@gmail.com - >>> Phase 2: Module Selection and Booking Initiation
2025-09-05 11:47:02,377 - INFO - [1] dianapious1998@gmail.com - 🔍 [SESSION CHECK] Verifying session continuity at Phase 2...
2025-09-05 11:47:02,385 - INFO - [1] dianapious1998@gmail.com - 🍪 [COOKIES] Current cookie count: 0
2025-09-05 11:47:02,394 - INFO - ℹ️ [SESSION] No cookies found - this may be expected
2025-09-05 11:47:02,400 - INFO - [1] dianapious1998@gmail.com - [MODULES] Successfully loaded module page: https://www.goethe.de/coe?lang=en&oid=7482ca79729c948ee2ef6a560b9b1ba5ca547924c10d7929081e4d472d715d3e
2025-09-05 11:47:02,405 - INFO - [1] dianapious1998@gmail.com - [MODULES] Setting up module selection...
2025-09-05 11:47:02,420 - INFO - [1] dianapious1998@gmail.com - [MODULE-CHECK] Available on page: []
2025-09-05 11:47:02,427 - INFO - [1] dianapious1998@gmail.com - [MODULE-CHECK] Desired by user: ['LISTENING', 'READING']
2025-09-05 11:47:02,434 - ERROR - [1] dianapious1998@gmail.com - [MODULE-FAIL] None of the desired modules ['LISTENING', 'READING'] are available. Halting.
2025-09-05 11:47:02,443 - ERROR - [1] dianapious1998@gmail.com - [ERROR] Module setup failed.
2025-09-05 11:47:02,718 - INFO - [2] miniponnappan007@gmail.com - >>> Phase 2: Module Selection and Booking Initiation
2025-09-05 11:47:02,719 - INFO - [2] miniponnappan007@gmail.com - 🔍 [SESSION CHECK] Verifying session continuity at Phase 2...
2025-09-05 11:47:02,725 - INFO - [2] miniponnappan007@gmail.com - 🍪 [COOKIES] Current cookie count: 0
2025-09-05 11:47:02,735 - INFO - ℹ️ [SESSION] No cookies found - this may be expected
2025-09-05 11:47:02,741 - INFO - [2] miniponnappan007@gmail.com - [MODULES] Successfully loaded module page: https://www.goethe.de/coe?lang=en&oid=7482ca79729c948ee2ef6a560b9b1ba5ca547924c10d7929081e4d472d715d3e
2025-09-05 11:47:02,746 - INFO - [2] miniponnappan007@gmail.com - [MODULES] Setting up module selection...
2025-09-05 11:47:02,763 - INFO - [2] miniponnappan007@gmail.com - [MODULE-CHECK] Available on page: []
2025-09-05 11:47:02,771 - INFO - [2] miniponnappan007@gmail.com - [MODULE-CHECK] Desired by user: ['LISTENING', 'READING']
2025-09-05 11:47:02,777 - ERROR - [2] miniponnappan007@gmail.com - [MODULE-FAIL] None of the desired modules ['LISTENING', 'READING'] are available. Halting.
2025-09-05 11:47:02,784 - ERROR - [2] miniponnappan007@gmail.com - [ERROR] Module setup failed.
2025-09-05 11:47:02,796 - INFO - ❌ [1] dianapious1998@gmail.com: Booking failed with status: FAILED
2025-09-05 11:47:02,802 - INFO - ❌ [2] miniponnappan007@gmail.com: Booking failed with status: FAILED
2025-09-05 11:47:02,809 - INFO - ❌ [3] abhinavyaks@gmail.com: Booking failed with status: FAILED
2025-09-05 11:47:02,816 - INFO - 📊 Final Tally: 0 out of 3 bookings were successful.
2025-09-05 11:47:02,834 - INFO - 🛑 Booking stopped by user
2025-09-05 11:49:17,776 - INFO - GUI Initialized. Real-time logging is active.
2025-09-05 14:39:52,478 - INFO - GUI Initialized. Real-time logging is active.
2025-09-05 15:06:22,612 - INFO - GUI Initialized. Real-time logging is active.
2025-09-05 15:07:39,318 - INFO - GUI Initialized. Real-time logging is active.
2025-09-05 15:07:48,983 - INFO - Selected CSV file: E:/My projects/Scraping/goethe booking/acc.csv
2025-09-05 15:07:50,045 - INFO - CSV preview loaded: 3 users found.
2025-09-05 15:07:51,621 - INFO - ℹ️ Proxies are disabled by user.
2025-09-05 15:07:51,642 - INFO - ℹ️ Proxies are disabled by user.
2025-09-05 15:07:51,649 - INFO - 🤖 Proxy Pool: Proxies disabled. All tasks will use the server IP.
2025-09-05 15:07:51,650 - INFO - 🎯 Target URL: https://www.goethe.de/ins/in/en/spr/prf/gzb2.cfm?examId=0A0DC2D884DFFC8FD8DD5E9077CF51527BD48A2BEC95AAE509AF0EF887919AF9DF9BEBC88C1E294A8EEFFD8301DE498DEEF38F9653D152C9A57A8417C883CABA
2025-09-05 15:07:51,657 - INFO - 👥 Found 3 candidates.
2025-09-05 15:07:51,764 - INFO - Creating a dedicated monitor bot (using server IP)...
2025-09-05 15:07:51,791 - INFO - [PROXY] Bot instance running without a proxy (using server IP).
2025-09-05 15:07:51,794 - INFO - [INIT] Bot initialized with User-Agent: Mozilla/5.0 (Windows NT 10.0; Win64; x64; rv:141.0...
2025-09-05 15:07:51,798 - INFO - [INIT] SSL context configured with secure ciphers
2025-09-05 15:07:51,804 - INFO - [INIT] Connection limits: 20 max, 10 keepalive
2025-09-05 15:07:51,808 - INFO - [INIT] Anti-bot settings: delay 0.5-2.0s, max retries 3
2025-09-05 15:07:51,812 - INFO - >>> Phase 1: Monitor exam URL for SELECT MODULES button
2025-09-05 15:07:51,816 - INFO - [MONITOR] Starting to monitor: https://www.goethe.de/ins/in/en/spr/prf/gzb2.cfm?examId=0A0DC2D884DFFC8FD8DD5E9077CF51527BD48A2BEC95AAE509AF0EF887919AF9DF9BEBC88C1E294A8EEFFD8301DE498DEEF38F9653D152C9A57A8417C883CABA
2025-09-05 15:07:51,819 - INFO - 🔍 [SESSION CHECK] Verifying session continuity at Phase 1...
2025-09-05 15:07:51,835 - INFO - 🍪 [COOKIES] Current cookie count: 0
2025-09-05 15:07:51,839 - INFO - ℹ️ [SESSION] No cookies found - this may be expected
2025-09-05 15:07:51,843 - INFO - ℹ️ [SESSION] This is expected for initial request
2025-09-05 15:07:52,455 - INFO - [SLOT-DETECTED] Exam button link found after 0.6s (1 checks)!
2025-09-05 15:07:52,457 - INFO - [URL-FOUND] Booking URL: https://www.goethe.de/coe?lang=en&oid=7482ca79729c948ee2ef6a560b9b1ba5ca547924c10d7929081e4d472d715d3e
2025-09-05 15:07:52,461 - INFO - ✅ SLOT FOUND! Starting parallel booking attempts...
2025-09-05 15:07:52,475 - INFO - 🚀 Executing 3 bookings in parallel...
2025-09-05 15:07:52,479 - INFO - -> [1] dianapious1998@gmail.com: Attempt 1 using IP: Main Server IP
2025-09-05 15:07:52,509 - INFO - [1] dianapious1998@gmail.com - [PROXY] Bot instance running without a proxy (using server IP).
2025-09-05 15:07:52,510 - INFO - [1] dianapious1998@gmail.com - [INIT] Bot initialized with User-Agent: Mozilla/5.0 (Windows NT 10.0; Win64; x64; rv:140.0...
2025-09-05 15:07:52,516 - INFO - [1] dianapious1998@gmail.com - [INIT] SSL context configured with secure ciphers
2025-09-05 15:07:52,525 - INFO - [1] dianapious1998@gmail.com - [INIT] Connection limits: 20 max, 10 keepalive
2025-09-05 15:07:52,531 - INFO - [1] dianapious1998@gmail.com - [INIT] Anti-bot settings: delay 0.5-2.0s, max retries 3
2025-09-05 15:07:52,536 - INFO - [1] dianapious1998@gmail.com - [ANTI-BOT] Settings adjusted to moderate: delay 0.5-2.0s, retries 3
2025-09-05 15:07:52,542 - INFO - [1] dianapious1998@gmail.com - [BOOKING] Starting booking process with moderate anti-bot protection
2025-09-05 15:07:52,549 - INFO - [1] dianapious1998@gmail.com - >>> Phase 1: Monitor exam URL for SELECT MODULES button
2025-09-05 15:07:52,557 - INFO - [1] dianapious1998@gmail.com - [MONITOR] Starting to monitor: https://www.goethe.de/ins/in/en/spr/prf/gzb2.cfm?examId=0A0DC2D884DFFC8FD8DD5E9077CF51527BD48A2BEC95AAE509AF0EF887919AF9DF9BEBC88C1E294A8EEFFD8301DE498DEEF38F9653D152C9A57A8417C883CABA
2025-09-05 15:07:52,563 - INFO - [1] dianapious1998@gmail.com - 🔍 [SESSION CHECK] Verifying session continuity at Phase 1...
2025-09-05 15:07:52,581 - INFO - [1] dianapious1998@gmail.com - 🍪 [COOKIES] Current cookie count: 0
2025-09-05 15:07:52,587 - INFO - ℹ️ [SESSION] No cookies found - this may be expected
2025-09-05 15:07:52,592 - INFO - [1] dianapious1998@gmail.com - ℹ️ [SESSION] This is expected for initial request
2025-09-05 15:07:52,596 - INFO - -> [2] miniponnappan007@gmail.com: Attempt 1 using IP: Main Server IP
2025-09-05 15:07:52,628 - INFO - [2] miniponnappan007@gmail.com - [PROXY] Bot instance running without a proxy (using server IP).
2025-09-05 15:07:52,628 - INFO - [2] miniponnappan007@gmail.com - [INIT] Bot initialized with User-Agent: Mozilla/5.0 (Windows NT 10.0; Win64; x64) AppleWeb...
2025-09-05 15:07:52,634 - INFO - [2] miniponnappan007@gmail.com - [INIT] SSL context configured with secure ciphers
2025-09-05 15:07:52,643 - INFO - [2] miniponnappan007@gmail.com - [INIT] Connection limits: 20 max, 10 keepalive
2025-09-05 15:07:52,648 - INFO - [2] miniponnappan007@gmail.com - [INIT] Anti-bot settings: delay 0.5-2.0s, max retries 3
2025-09-05 15:07:52,654 - INFO - [2] miniponnappan007@gmail.com - [ANTI-BOT] Settings adjusted to moderate: delay 0.5-2.0s, retries 3
2025-09-05 15:07:52,660 - INFO - [2] miniponnappan007@gmail.com - [BOOKING] Starting booking process with moderate anti-bot protection
2025-09-05 15:07:52,667 - INFO - [2] miniponnappan007@gmail.com - >>> Phase 1: Monitor exam URL for SELECT MODULES button
2025-09-05 15:07:52,674 - INFO - [2] miniponnappan007@gmail.com - [MONITOR] Starting to monitor: https://www.goethe.de/ins/in/en/spr/prf/gzb2.cfm?examId=0A0DC2D884DFFC8FD8DD5E9077CF51527BD48A2BEC95AAE509AF0EF887919AF9DF9BEBC88C1E294A8EEFFD8301DE498DEEF38F9653D152C9A57A8417C883CABA
2025-09-05 15:07:52,680 - INFO - [2] miniponnappan007@gmail.com - 🔍 [SESSION CHECK] Verifying session continuity at Phase 1...
2025-09-05 15:07:52,698 - INFO - [2] miniponnappan007@gmail.com - 🍪 [COOKIES] Current cookie count: 0
2025-09-05 15:07:52,704 - INFO - ℹ️ [SESSION] No cookies found - this may be expected
2025-09-05 15:07:52,710 - INFO - [2] miniponnappan007@gmail.com - ℹ️ [SESSION] This is expected for initial request
2025-09-05 15:07:52,714 - INFO - -> [3] abhinavyaks@gmail.com: Attempt 1 using IP: Main Server IP
2025-09-05 15:07:52,745 - INFO - [3] abhinavyaks@gmail.com - [PROXY] Bot instance running without a proxy (using server IP).
2025-09-05 15:07:52,745 - INFO - [3] abhinavyaks@gmail.com - [INIT] Bot initialized with User-Agent: Mozilla/5.0 (Windows NT 10.0; Win64; x64; rv:142.0...
2025-09-05 15:07:52,752 - INFO - [3] abhinavyaks@gmail.com - [INIT] SSL context configured with secure ciphers
2025-09-05 15:07:52,760 - INFO - [3] abhinavyaks@gmail.com - [INIT] Connection limits: 20 max, 10 keepalive
2025-09-05 15:07:52,765 - INFO - [3] abhinavyaks@gmail.com - [INIT] Anti-bot settings: delay 0.5-2.0s, max retries 3
2025-09-05 15:07:52,770 - INFO - [3] abhinavyaks@gmail.com - [ANTI-BOT] Settings adjusted to moderate: delay 0.5-2.0s, retries 3
2025-09-05 15:07:52,775 - INFO - [3] abhinavyaks@gmail.com - [BOOKING] Starting booking process with moderate anti-bot protection
2025-09-05 15:07:52,782 - INFO - [3] abhinavyaks@gmail.com - >>> Phase 1: Monitor exam URL for SELECT MODULES button
2025-09-05 15:07:52,788 - INFO - [3] abhinavyaks@gmail.com - [MONITOR] Starting to monitor: https://www.goethe.de/ins/in/en/spr/prf/gzb2.cfm?examId=0A0DC2D884DFFC8FD8DD5E9077CF51527BD48A2BEC95AAE509AF0EF887919AF9DF9BEBC88C1E294A8EEFFD8301DE498DEEF38F9653D152C9A57A8417C883CABA
2025-09-05 15:07:52,793 - INFO - [3] abhinavyaks@gmail.com - 🔍 [SESSION CHECK] Verifying session continuity at Phase 1...
2025-09-05 15:07:52,811 - INFO - [3] abhinavyaks@gmail.com - 🍪 [COOKIES] Current cookie count: 0
2025-09-05 15:07:52,817 - INFO - ℹ️ [SESSION] No cookies found - this may be expected
2025-09-05 15:07:52,822 - INFO - [3] abhinavyaks@gmail.com - ℹ️ [SESSION] This is expected for initial request
2025-09-05 15:07:53,133 - INFO - [SLOT-DETECTED] Exam button link found after 0.5s (1 checks)!
2025-09-05 15:07:53,134 - INFO - [URL-FOUND] Booking URL: https://www.goethe.de/coe?lang=en&oid=7482ca79729c948ee2ef6a560b9b1ba5ca547924c10d7929081e4d472d715d3e
2025-09-05 15:07:53,138 - INFO - [1] dianapious1998@gmail.com - [NAVIGATE] Slot found. Now navigating to the module selection page...
2025-09-05 15:07:53,148 - INFO - [1] dianapious1998@gmail.com - [URL-FOUND] Using exam button link: https://www.goethe.de/coe?lang=en&oid=7482ca79729c948ee2ef6a560b9b1ba5ca547924c10d7929081e4d472d715d3e
2025-09-05 15:07:53,154 - INFO - [1] dianapious1998@gmail.com - [NAVIGATE] Following link to: https://www.goethe.de/coe?lang=en&oid=7482ca79729c948ee2ef6a560b9b1ba5ca547924c10d7929081e4d472d715d3e
2025-09-05 15:07:53,493 - INFO - [SLOT-DETECTED] Exam button link found after 0.7s (1 checks)!
2025-09-05 15:07:53,494 - INFO - [URL-FOUND] Booking URL: https://www.goethe.de/coe?lang=en&oid=7482ca79729c948ee2ef6a560b9b1ba5ca547924c10d7929081e4d472d715d3e
2025-09-05 15:07:53,498 - INFO - [3] abhinavyaks@gmail.com - [NAVIGATE] Slot found. Now navigating to the module selection page...
2025-09-05 15:07:53,511 - INFO - [3] abhinavyaks@gmail.com - [URL-FOUND] Using exam button link: https://www.goethe.de/coe?lang=en&oid=7482ca79729c948ee2ef6a560b9b1ba5ca547924c10d7929081e4d472d715d3e
2025-09-05 15:07:53,519 - INFO - [3] abhinavyaks@gmail.com - [NAVIGATE] Following link to: https://www.goethe.de/coe?lang=en&oid=7482ca79729c948ee2ef6a560b9b1ba5ca547924c10d7929081e4d472d715d3e
2025-09-05 15:07:53,866 - INFO - [SLOT-DETECTED] Exam button link found after 1.2s (1 checks)!
2025-09-05 15:07:53,868 - INFO - [URL-FOUND] Booking URL: https://www.goethe.de/coe?lang=en&oid=7482ca79729c948ee2ef6a560b9b1ba5ca547924c10d7929081e4d472d715d3e
2025-09-05 15:07:53,872 - INFO - [2] miniponnappan007@gmail.com - [NAVIGATE] Slot found. Now navigating to the module selection page...
2025-09-05 15:07:53,881 - INFO - [2] miniponnappan007@gmail.com - [URL-FOUND] Using exam button link: https://www.goethe.de/coe?lang=en&oid=7482ca79729c948ee2ef6a560b9b1ba5ca547924c10d7929081e4d472d715d3e
2025-09-05 15:07:53,890 - INFO - [2] miniponnappan007@gmail.com - [NAVIGATE] Following link to: https://www.goethe.de/coe?lang=en&oid=7482ca79729c948ee2ef6a560b9b1ba5ca547924c10d7929081e4d472d715d3e
2025-09-05 15:07:55,019 - INFO - [1] dianapious1998@gmail.com - >>> Phase 2: Module Selection and Booking Initiation
2025-09-05 15:07:55,026 - INFO - [1] dianapious1998@gmail.com - 🔍 [SESSION CHECK] Verifying session continuity at Phase 2...
2025-09-05 15:07:55,032 - INFO - [1] dianapious1998@gmail.com - 🍪 [COOKIES] Current cookie count: 0
2025-09-05 15:07:55,041 - INFO - ℹ️ [SESSION] No cookies found - this may be expected
2025-09-05 15:07:55,048 - INFO - [1] dianapious1998@gmail.com - [MODULES] Successfully loaded module page: https://www.goethe.de/coe?lang=en&oid=7482ca79729c948ee2ef6a560b9b1ba5ca547924c10d7929081e4d472d715d3e
2025-09-05 15:07:55,054 - INFO - [1] dianapious1998@gmail.com - [MODULES] Setting up module selection...
2025-09-05 15:07:55,069 - INFO - [1] dianapious1998@gmail.com - [MODULE-CHECK] Available on page: ['WRITING', 'READING', 'LISTENING']
2025-09-05 15:07:55,074 - INFO - [1] dianapious1998@gmail.com - [MODULE-CHECK] Desired by user: ['READING', 'LISTENING']
2025-09-05 15:07:55,084 - INFO - [1] dianapious1998@gmail.com - [MODULE-CONTINUE] At least one desired module found. Attempting to book: ['READING', 'LISTENING']
2025-09-05 15:07:55,092 - WARNING - [1] dianapious1998@gmail.com - [WARN] No AJAX URL found for 'writing', cannot toggle.
2025-09-05 15:07:55,102 - INFO - [1] dianapious1998@gmail.com - ✅ [MODULES] All modules are in the correct state.
2025-09-05 15:07:55,109 - INFO - [1] dianapious1998@gmail.com - [STATE SAVE] Final booked modules set to: ['LISTENING', 'READING']
2025-09-05 15:07:55,117 - INFO - [1] dianapious1998@gmail.com - [MODULES] ✅ Module selection completed and page state is updated.
2025-09-05 15:07:55,124 - INFO - [1] dianapious1998@gmail.com - [CONTINUE] Extracting and calling 'continue' link from module page...
2025-09-05 15:07:55,134 - WARNING - [AJAX-EXTRACT] No navSection-nextLink found on options page
2025-09-05 15:07:55,142 - INFO - [FALLBACK] Looking for cs-button--arrow_next elements...
2025-09-05 15:07:55,148 - INFO - [FALLBACK] Found continue button with ID: YYIfVbbHMBjHBxekKHxq
2025-09-05 15:07:55,152 - INFO - [1] dianapious1998@gmail.com - [SUCCESS] Navigated to participant selection page: https://www.goethe.de/checkout/next-step
2025-09-05 15:07:55,159 - INFO - [1] dianapious1998@gmail.com - [BOOK] Searching for 'BOOK FOR MYSELF' button...
2025-09-05 15:07:55,172 - INFO - [DEBUG] Page saved to: logs\debug_participant_selection_page_20250905_150755.html
2025-09-05 15:07:55,198 - ERROR - [1] dianapious1998@gmail.com - [ERROR] Could not determine correct Wicket AJAX URL for 'BOOK FOR MYSELF'
2025-09-05 15:07:55,327 - INFO - [2] miniponnappan007@gmail.com - >>> Phase 2: Module Selection and Booking Initiation
2025-09-05 15:07:55,329 - INFO - [2] miniponnappan007@gmail.com - 🔍 [SESSION CHECK] Verifying session continuity at Phase 2...
2025-09-05 15:07:55,354 - INFO - [2] miniponnappan007@gmail.com - 🍪 [COOKIES] Current cookie count: 0
2025-09-05 15:07:55,367 - INFO - ℹ️ [SESSION] No cookies found - this may be expected
2025-09-05 15:07:55,376 - INFO - [2] miniponnappan007@gmail.com - [MODULES] Successfully loaded module page: https://www.goethe.de/coe?lang=en&oid=7482ca79729c948ee2ef6a560b9b1ba5ca547924c10d7929081e4d472d715d3e
2025-09-05 15:07:55,382 - INFO - [2] miniponnappan007@gmail.com - [MODULES] Setting up module selection...
2025-09-05 15:07:55,400 - INFO - [2] miniponnappan007@gmail.com - [MODULE-CHECK] Available on page: ['WRITING', 'READING', 'LISTENING']
2025-09-05 15:07:55,408 - INFO - [2] miniponnappan007@gmail.com - [MODULE-CHECK] Desired by user: ['READING', 'LISTENING']
2025-09-05 15:07:55,417 - INFO - [2] miniponnappan007@gmail.com - [MODULE-CONTINUE] At least one desired module found. Attempting to book: ['READING', 'LISTENING']
2025-09-05 15:07:55,431 - WARNING - [2] miniponnappan007@gmail.com - [WARN] No AJAX URL found for 'writing', cannot toggle.
2025-09-05 15:07:55,441 - INFO - [2] miniponnappan007@gmail.com - ✅ [MODULES] All modules are in the correct state.
2025-09-05 15:07:55,448 - INFO - [2] miniponnappan007@gmail.com - [STATE SAVE] Final booked modules set to: ['LISTENING', 'READING']
2025-09-05 15:07:55,457 - INFO - [2] miniponnappan007@gmail.com - [MODULES] ✅ Module selection completed and page state is updated.
2025-09-05 15:07:55,463 - INFO - [2] miniponnappan007@gmail.com - [CONTINUE] Extracting and calling 'continue' link from module page...
2025-09-05 15:07:55,474 - WARNING - [AJAX-EXTRACT] No navSection-nextLink found on options page
2025-09-05 15:07:55,481 - INFO - [FALLBACK] Looking for cs-button--arrow_next elements...
2025-09-05 15:07:55,486 - INFO - [FALLBACK] Found continue button with ID: YYIfVbbHMBjHBxekKHxq
2025-09-05 15:07:55,491 - INFO - [2] miniponnappan007@gmail.com - [SUCCESS] Navigated to participant selection page: https://www.goethe.de/checkout/next-step
2025-09-05 15:07:55,495 - INFO - [2] miniponnappan007@gmail.com - [BOOK] Searching for 'BOOK FOR MYSELF' button...
2025-09-05 15:07:55,507 - INFO - [DEBUG] Page saved to: logs\debug_participant_selection_page_20250905_150755.html
2025-09-05 15:07:55,512 - ERROR - [2] miniponnappan007@gmail.com - [ERROR] Could not determine correct Wicket AJAX URL for 'BOOK FOR MYSELF'
2025-09-05 15:07:55,518 - INFO - [3] abhinavyaks@gmail.com - >>> Phase 2: Module Selection and Booking Initiation
2025-09-05 15:07:55,525 - INFO - [3] abhinavyaks@gmail.com - 🔍 [SESSION CHECK] Verifying session continuity at Phase 2...
2025-09-05 15:07:55,531 - INFO - [3] abhinavyaks@gmail.com - 🍪 [COOKIES] Current cookie count: 0
2025-09-05 15:07:55,537 - INFO - ℹ️ [SESSION] No cookies found - this may be expected
2025-09-05 15:07:55,542 - INFO - [3] abhinavyaks@gmail.com - [MODULES] Successfully loaded module page: https://www.goethe.de/coe?lang=en&oid=7482ca79729c948ee2ef6a560b9b1ba5ca547924c10d7929081e4d472d715d3e
2025-09-05 15:07:55,548 - INFO - [3] abhinavyaks@gmail.com - [MODULES] Setting up module selection...
2025-09-05 15:07:55,561 - INFO - [3] abhinavyaks@gmail.com - [MODULE-CHECK] Available on page: ['WRITING', 'READING', 'LISTENING']
2025-09-05 15:07:55,566 - INFO - [3] abhinavyaks@gmail.com - [MODULE-CHECK] Desired by user: ['READING']
2025-09-05 15:07:55,572 - INFO - [3] abhinavyaks@gmail.com - [MODULE-CONTINUE] At least one desired module found. Attempting to book: ['READING']
2025-09-05 15:07:55,578 - WARNING - [3] abhinavyaks@gmail.com - [WARN] No AJAX URL found for 'listening', cannot toggle.
2025-09-05 15:07:55,585 - WARNING - [3] abhinavyaks@gmail.com - [WARN] No AJAX URL found for 'writing', cannot toggle.
2025-09-05 15:07:55,591 - INFO - [3] abhinavyaks@gmail.com - ✅ [MODULES] All modules are in the correct state.
2025-09-05 15:07:55,596 - INFO - [3] abhinavyaks@gmail.com - [STATE SAVE] Final booked modules set to: ['READING']
2025-09-05 15:07:55,603 - INFO - [3] abhinavyaks@gmail.com - [MODULES] ✅ Module selection completed and page state is updated.
2025-09-05 15:07:55,609 - INFO - [3] abhinavyaks@gmail.com - [CONTINUE] Extracting and calling 'continue' link from module page...
2025-09-05 15:07:55,637 - WARNING - [AJAX-EXTRACT] No navSection-nextLink found on options page
2025-09-05 15:07:55,646 - INFO - [FALLBACK] Looking for cs-button--arrow_next elements...
2025-09-05 15:07:55,650 - INFO - [FALLBACK] Found continue button with ID: YYIfVbbHMBjHBxekKHxq
2025-09-05 15:07:55,657 - INFO - [3] abhinavyaks@gmail.com - [SUCCESS] Navigated to participant selection page: https://www.goethe.de/checkout/next-step
2025-09-05 15:07:55,664 - INFO - [3] abhinavyaks@gmail.com - [BOOK] Searching for 'BOOK FOR MYSELF' button...
2025-09-05 15:07:55,679 - INFO - [DEBUG] Page saved to: logs\debug_participant_selection_page_20250905_150755.html
2025-09-05 15:07:55,686 - ERROR - [3] abhinavyaks@gmail.com - [ERROR] Could not determine correct Wicket AJAX URL for 'BOOK FOR MYSELF'
2025-09-05 15:07:55,693 - INFO - ❌ [1] dianapious1998@gmail.com: Booking failed with status: FAILED
2025-09-05 15:07:55,703 - INFO - ❌ [2] miniponnappan007@gmail.com: Booking failed with status: FAILED
2025-09-05 15:07:55,710 - INFO - ❌ [3] abhinavyaks@gmail.com: Booking failed with status: FAILED
2025-09-05 15:07:55,717 - INFO - 📊 Final Tally: 0 out of 3 bookings were successful.
2025-09-05 15:07:55,757 - INFO - 🛑 Booking stopped by user
2025-09-05 15:14:22,620 - INFO - GUI Initialized. Real-time logging is active.
2025-09-05 15:14:37,873 - INFO - Selected CSV file: E:/My projects/Scraping/goethe booking/acc.csv
2025-09-05 15:14:38,325 - INFO - CSV preview loaded: 3 users found.
2025-09-05 15:15:34,356 - INFO - ℹ️ Proxies are disabled by user.
2025-09-05 15:15:34,374 - INFO - ℹ️ Proxies are disabled by user.
2025-09-05 15:15:34,380 - INFO - 🤖 Proxy Pool: Proxies disabled. All tasks will use the server IP.
2025-09-05 15:15:34,384 - INFO - 🎯 Target URL: https://www.goethe.de/ins/in/en/spr/prf/gzb2.cfm?examId=0A0DC2D884DFFC8FD8DD5E9077CF51527BD48A2BEC95AAE509AF0EF887919AF9DF9BEBC88C1E294A8EEFFD8301DE498DEEF38F9653D152C9A57A8417C883CABA
2025-09-05 15:15:34,390 - INFO - 👥 Found 3 candidates.
2025-09-05 15:15:34,440 - INFO - Creating a dedicated monitor bot (using server IP)...
2025-09-05 15:15:34,464 - INFO - [PROXY] Bot instance running without a proxy (using server IP).
2025-09-05 15:15:34,468 - INFO - [INIT] Bot initialized with User-Agent: Mozilla/5.0 (Windows NT 10.0; Win64; x64; rv:142.0...
2025-09-05 15:15:34,474 - INFO - [INIT] SSL context configured with secure ciphers
2025-09-05 15:15:34,481 - INFO - [INIT] Connection limits: 20 max, 10 keepalive
2025-09-05 15:15:34,485 - INFO - [INIT] Anti-bot settings: delay 0.5-2.0s, max retries 3
2025-09-05 15:15:34,491 - INFO - >>> Phase 1: Monitor exam URL for SELECT MODULES button
2025-09-05 15:15:34,495 - INFO - [MONITOR] Starting to monitor: https://www.goethe.de/ins/in/en/spr/prf/gzb2.cfm?examId=0A0DC2D884DFFC8FD8DD5E9077CF51527BD48A2BEC95AAE509AF0EF887919AF9DF9BEBC88C1E294A8EEFFD8301DE498DEEF38F9653D152C9A57A8417C883CABA
2025-09-05 15:15:34,499 - INFO - 🔍 [SESSION CHECK] Verifying session continuity at Phase 1...
2025-09-05 15:15:34,516 - INFO - 🍪 [COOKIES] Current cookie count: 0
2025-09-05 15:15:34,522 - INFO - ℹ️ [SESSION] No cookies found - this may be expected
2025-09-05 15:15:34,526 - INFO - ℹ️ [SESSION] This is expected for initial request
2025-09-05 15:15:35,560 - INFO - [SLOT-DETECTED] Exam button link found after 1.0s (1 checks)!
2025-09-05 15:15:35,562 - INFO - [URL-FOUND] Booking URL: https://www.goethe.de/coe?lang=en&oid=7482ca79729c948ee2ef6a560b9b1ba5ca547924c10d7929081e4d472d715d3e
2025-09-05 15:15:35,567 - INFO - ✅ SLOT FOUND! Starting parallel booking attempts...
2025-09-05 15:15:35,584 - INFO - 🚀 Executing 3 bookings in parallel...
2025-09-05 15:15:35,588 - INFO - -> [1] dianapious1998@gmail.com: Attempt 1 using IP: Main Server IP
2025-09-05 15:15:35,617 - INFO - [1] dianapious1998@gmail.com - [PROXY] Bot instance running without a proxy (using server IP).
2025-09-05 15:15:35,618 - INFO - [1] dianapious1998@gmail.com - [INIT] Bot initialized with User-Agent: Mozilla/5.0 (X11; Ubuntu; Linux x86_64; rv:115.0) ...
2025-09-05 15:15:35,624 - INFO - [1] dianapious1998@gmail.com - [INIT] SSL context configured with secure ciphers
2025-09-05 15:15:35,635 - INFO - [1] dianapious1998@gmail.com - [INIT] Connection limits: 20 max, 10 keepalive
2025-09-05 15:15:35,641 - INFO - [1] dianapious1998@gmail.com - [INIT] Anti-bot settings: delay 0.5-2.0s, max retries 3
2025-09-05 15:15:35,647 - INFO - [1] dianapious1998@gmail.com - [ANTI-BOT] Settings adjusted to moderate: delay 0.5-2.0s, retries 3
2025-09-05 15:15:35,655 - INFO - [1] dianapious1998@gmail.com - [BOOKING] Starting booking process with moderate anti-bot protection
2025-09-05 15:15:35,664 - INFO - [1] dianapious1998@gmail.com - >>> Phase 1: Monitor exam URL for SELECT MODULES button
2025-09-05 15:15:35,674 - INFO - [1] dianapious1998@gmail.com - [MONITOR] Starting to monitor: https://www.goethe.de/ins/in/en/spr/prf/gzb2.cfm?examId=0A0DC2D884DFFC8FD8DD5E9077CF51527BD48A2BEC95AAE509AF0EF887919AF9DF9BEBC88C1E294A8EEFFD8301DE498DEEF38F9653D152C9A57A8417C883CABA
2025-09-05 15:15:35,683 - INFO - [1] dianapious1998@gmail.com - 🔍 [SESSION CHECK] Verifying session continuity at Phase 1...
2025-09-05 15:15:35,710 - INFO - [1] dianapious1998@gmail.com - 🍪 [COOKIES] Current cookie count: 0
2025-09-05 15:15:35,717 - INFO - ℹ️ [SESSION] No cookies found - this may be expected
2025-09-05 15:15:35,722 - INFO - [1] dianapious1998@gmail.com - ℹ️ [SESSION] This is expected for initial request
2025-09-05 15:15:35,728 - INFO - -> [2] miniponnappan007@gmail.com: Attempt 1 using IP: Main Server IP
2025-09-05 15:15:35,760 - INFO - [2] miniponnappan007@gmail.com - [PROXY] Bot instance running without a proxy (using server IP).
2025-09-05 15:15:35,760 - INFO - [2] miniponnappan007@gmail.com - [INIT] Bot initialized with User-Agent: Mozilla/5.0 (Windows NT 10.0; Win64; x64; rv:142.0...
2025-09-05 15:15:35,768 - INFO - [2] miniponnappan007@gmail.com - [INIT] SSL context configured with secure ciphers
2025-09-05 15:15:35,777 - INFO - [2] miniponnappan007@gmail.com - [INIT] Connection limits: 20 max, 10 keepalive
2025-09-05 15:15:35,783 - INFO - [2] miniponnappan007@gmail.com - [INIT] Anti-bot settings: delay 0.5-2.0s, max retries 3
2025-09-05 15:15:35,792 - INFO - [2] miniponnappan007@gmail.com - [ANTI-BOT] Settings adjusted to moderate: delay 0.5-2.0s, retries 3
2025-09-05 15:15:35,798 - INFO - [2] miniponnappan007@gmail.com - [BOOKING] Starting booking process with moderate anti-bot protection
2025-09-05 15:15:35,806 - INFO - [2] miniponnappan007@gmail.com - >>> Phase 1: Monitor exam URL for SELECT MODULES button
2025-09-05 15:15:35,815 - INFO - [2] miniponnappan007@gmail.com - [MONITOR] Starting to monitor: https://www.goethe.de/ins/in/en/spr/prf/gzb2.cfm?examId=0A0DC2D884DFFC8FD8DD5E9077CF51527BD48A2BEC95AAE509AF0EF887919AF9DF9BEBC88C1E294A8EEFFD8301DE498DEEF38F9653D152C9A57A8417C883CABA
2025-09-05 15:15:35,824 - INFO - [2] miniponnappan007@gmail.com - 🔍 [SESSION CHECK] Verifying session continuity at Phase 1...
2025-09-05 15:15:35,842 - INFO - [2] miniponnappan007@gmail.com - 🍪 [COOKIES] Current cookie count: 0
2025-09-05 15:15:35,849 - INFO - ℹ️ [SESSION] No cookies found - this may be expected
2025-09-05 15:15:35,854 - INFO - [2] miniponnappan007@gmail.com - ℹ️ [SESSION] This is expected for initial request
2025-09-05 15:15:35,858 - INFO - -> [3] abhinavyaks@gmail.com: Attempt 1 using IP: Main Server IP
2025-09-05 15:15:35,890 - INFO - [3] abhinavyaks@gmail.com - [PROXY] Bot instance running without a proxy (using server IP).
2025-09-05 15:15:35,890 - INFO - [3] abhinavyaks@gmail.com - [INIT] Bot initialized with User-Agent: Mozilla/5.0 (X11; Ubuntu; Linux x86_64; rv:115.0) ...
2025-09-05 15:15:35,897 - INFO - [3] abhinavyaks@gmail.com - [INIT] SSL context configured with secure ciphers
2025-09-05 15:15:35,905 - INFO - [3] abhinavyaks@gmail.com - [INIT] Connection limits: 20 max, 10 keepalive
2025-09-05 15:15:35,911 - INFO - [3] abhinavyaks@gmail.com - [INIT] Anti-bot settings: delay 0.5-2.0s, max retries 3
2025-09-05 15:15:35,917 - INFO - [3] abhinavyaks@gmail.com - [ANTI-BOT] Settings adjusted to moderate: delay 0.5-2.0s, retries 3
2025-09-05 15:15:35,923 - INFO - [3] abhinavyaks@gmail.com - [BOOKING] Starting booking process with moderate anti-bot protection
2025-09-05 15:15:35,930 - INFO - [3] abhinavyaks@gmail.com - >>> Phase 1: Monitor exam URL for SELECT MODULES button
2025-09-05 15:15:35,936 - INFO - [3] abhinavyaks@gmail.com - [MONITOR] Starting to monitor: https://www.goethe.de/ins/in/en/spr/prf/gzb2.cfm?examId=0A0DC2D884DFFC8FD8DD5E9077CF51527BD48A2BEC95AAE509AF0EF887919AF9DF9BEBC88C1E294A8EEFFD8301DE498DEEF38F9653D152C9A57A8417C883CABA
2025-09-05 15:15:35,942 - INFO - [3] abhinavyaks@gmail.com - 🔍 [SESSION CHECK] Verifying session continuity at Phase 1...
2025-09-05 15:15:35,961 - INFO - [3] abhinavyaks@gmail.com - 🍪 [COOKIES] Current cookie count: 0
2025-09-05 15:15:35,968 - INFO - ℹ️ [SESSION] No cookies found - this may be expected
2025-09-05 15:15:35,974 - INFO - [3] abhinavyaks@gmail.com - ℹ️ [SESSION] This is expected for initial request
2025-09-05 15:15:36,757 - INFO - [SLOT-DETECTED] Exam button link found after 0.9s (1 checks)!
2025-09-05 15:15:36,760 - INFO - [URL-FOUND] Booking URL: https://www.goethe.de/coe?lang=en&oid=7482ca79729c948ee2ef6a560b9b1ba5ca547924c10d7929081e4d472d715d3e
2025-09-05 15:15:36,770 - INFO - [2] miniponnappan007@gmail.com - [NAVIGATE] Slot found. Now navigating to the module selection page...
2025-09-05 15:15:36,785 - INFO - [2] miniponnappan007@gmail.com - [URL-FOUND] Using exam button link: https://www.goethe.de/coe?lang=en&oid=7482ca79729c948ee2ef6a560b9b1ba5ca547924c10d7929081e4d472d715d3e
2025-09-05 15:15:36,794 - INFO - [2] miniponnappan007@gmail.com - [NAVIGATE] Following link to: https://www.goethe.de/coe?lang=en&oid=7482ca79729c948ee2ef6a560b9b1ba5ca547924c10d7929081e4d472d715d3e
2025-09-05 15:15:37,392 - INFO - [2] miniponnappan007@gmail.com - >>> Phase 2: Module Selection and Booking Initiation
2025-09-05 15:15:37,392 - INFO - [2] miniponnappan007@gmail.com - 🔍 [SESSION CHECK] Verifying session continuity at Phase 2...
2025-09-05 15:15:37,398 - INFO - [2] miniponnappan007@gmail.com - 🍪 [COOKIES] Current cookie count: 0
2025-09-05 15:15:37,406 - INFO - ℹ️ [SESSION] No cookies found - this may be expected
2025-09-05 15:15:37,412 - INFO - [2] miniponnappan007@gmail.com - [MODULES] Successfully loaded module page: https://www.goethe.de/coe?lang=en&oid=7482ca79729c948ee2ef6a560b9b1ba5ca547924c10d7929081e4d472d715d3e
2025-09-05 15:15:37,416 - INFO - [2] miniponnappan007@gmail.com - [MODULES] Setting up module selection...
2025-09-05 15:15:37,432 - INFO - [2] miniponnappan007@gmail.com - [MODULE-CHECK] Available on page: ['READING', 'LISTENING', 'WRITING']
2025-09-05 15:15:37,438 - INFO - [2] miniponnappan007@gmail.com - [MODULE-CHECK] Desired by user: ['READING', 'LISTENING']
2025-09-05 15:15:37,448 - INFO - [2] miniponnappan007@gmail.com - [MODULE-CONTINUE] At least one desired module found. Attempting to book: ['READING', 'LISTENING']
2025-09-05 15:15:37,460 - WARNING - [2] miniponnappan007@gmail.com - [WARN] No AJAX URL found for 'writing', cannot toggle.
2025-09-05 15:15:37,472 - INFO - [2] miniponnappan007@gmail.com - ✅ [MODULES] All modules are in the correct state.
2025-09-05 15:15:37,480 - INFO - [2] miniponnappan007@gmail.com - [STATE SAVE] Final booked modules set to: ['LISTENING', 'READING']
2025-09-05 15:15:37,490 - INFO - [2] miniponnappan007@gmail.com - [MODULES] ✅ Module selection completed and page state is updated.
2025-09-05 15:15:37,499 - INFO - [2] miniponnappan007@gmail.com - [CONTINUE] Extracting and calling 'continue' link from module page...
2025-09-05 15:15:37,511 - WARNING - [AJAX-EXTRACT] No navSection-nextLink found on options page
2025-09-05 15:15:37,520 - INFO - [FALLBACK] Looking for cs-button--arrow_next elements...
2025-09-05 15:15:37,527 - INFO - [FALLBACK] Found continue button with ID: YYIfVbbHMBjHBxekKHxq
2025-09-05 15:15:37,535 - INFO - [2] miniponnappan007@gmail.com - [SUCCESS] Navigated to participant selection page: https://www.goethe.de/checkout/next-step
2025-09-05 15:15:37,542 - INFO - [2] miniponnappan007@gmail.com - [BOOK] Searching for 'BOOK FOR MYSELF' button...
2025-09-05 15:15:37,554 - INFO - [DEBUG] Page saved to: logs\debug_participant_selection_page_20250905_151537.html
2025-09-05 15:15:37,560 - ERROR - [2] miniponnappan007@gmail.com - [ERROR] Could not determine correct Wicket AJAX URL for 'BOOK FOR MYSELF'
2025-09-05 15:15:37,567 - INFO - [SLOT-DETECTED] Exam button link found after 1.8s (1 checks)!
2025-09-05 15:15:37,576 - INFO - [URL-FOUND] Booking URL: https://www.goethe.de/coe?lang=en&oid=7482ca79729c948ee2ef6a560b9b1ba5ca547924c10d7929081e4d472d715d3e
2025-09-05 15:15:37,582 - INFO - [1] dianapious1998@gmail.com - [NAVIGATE] Slot found. Now navigating to the module selection page...
2025-09-05 15:15:37,593 - INFO - [1] dianapious1998@gmail.com - [URL-FOUND] Using exam button link: https://www.goethe.de/coe?lang=en&oid=7482ca79729c948ee2ef6a560b9b1ba5ca547924c10d7929081e4d472d715d3e
2025-09-05 15:15:37,601 - INFO - [1] dianapious1998@gmail.com - [NAVIGATE] Following link to: https://www.goethe.de/coe?lang=en&oid=7482ca79729c948ee2ef6a560b9b1ba5ca547924c10d7929081e4d472d715d3e
2025-09-05 15:15:37,616 - INFO - [SLOT-DETECTED] Exam button link found after 1.6s (1 checks)!
2025-09-05 15:15:37,630 - INFO - [URL-FOUND] Booking URL: https://www.goethe.de/coe?lang=en&oid=7482ca79729c948ee2ef6a560b9b1ba5ca547924c10d7929081e4d472d715d3e
2025-09-05 15:15:37,634 - INFO - [3] abhinavyaks@gmail.com - [NAVIGATE] Slot found. Now navigating to the module selection page...
2025-09-05 15:15:37,645 - INFO - [3] abhinavyaks@gmail.com - [URL-FOUND] Using exam button link: https://www.goethe.de/coe?lang=en&oid=7482ca79729c948ee2ef6a560b9b1ba5ca547924c10d7929081e4d472d715d3e
2025-09-05 15:15:37,651 - INFO - [3] abhinavyaks@gmail.com - [NAVIGATE] Following link to: https://www.goethe.de/coe?lang=en&oid=7482ca79729c948ee2ef6a560b9b1ba5ca547924c10d7929081e4d472d715d3e
2025-09-05 15:15:38,327 - INFO - [3] abhinavyaks@gmail.com - >>> Phase 2: Module Selection and Booking Initiation
2025-09-05 15:15:38,350 - INFO - [3] abhinavyaks@gmail.com - 🔍 [SESSION CHECK] Verifying session continuity at Phase 2...
2025-09-05 15:15:38,357 - INFO - [3] abhinavyaks@gmail.com - 🍪 [COOKIES] Current cookie count: 0
2025-09-05 15:15:38,364 - INFO - ℹ️ [SESSION] No cookies found - this may be expected
2025-09-05 15:15:38,395 - INFO - [3] abhinavyaks@gmail.com - [MODULES] Successfully loaded module page: https://www.goethe.de/coe?lang=en&oid=7482ca79729c948ee2ef6a560b9b1ba5ca547924c10d7929081e4d472d715d3e
2025-09-05 15:15:38,398 - INFO - [3] abhinavyaks@gmail.com - [MODULES] Setting up module selection...
2025-09-05 15:15:38,413 - INFO - [3] abhinavyaks@gmail.com - [MODULE-CHECK] Available on page: ['READING', 'LISTENING', 'WRITING']
2025-09-05 15:15:38,425 - INFO - [3] abhinavyaks@gmail.com - [MODULE-CHECK] Desired by user: ['READING']
2025-09-05 15:15:38,431 - INFO - [3] abhinavyaks@gmail.com - [MODULE-CONTINUE] At least one desired module found. Attempting to book: ['READING']
2025-09-05 15:15:38,449 - WARNING - [3] abhinavyaks@gmail.com - [WARN] No AJAX URL found for 'listening', cannot toggle.
2025-09-05 15:15:38,457 - WARNING - [3] abhinavyaks@gmail.com - [WARN] No AJAX URL found for 'writing', cannot toggle.
2025-09-05 15:15:38,463 - INFO - [3] abhinavyaks@gmail.com - ✅ [MODULES] All modules are in the correct state.
2025-09-05 15:15:38,475 - INFO - [3] abhinavyaks@gmail.com - [STATE SAVE] Final booked modules set to: ['READING']
2025-09-05 15:15:38,481 - INFO - [3] abhinavyaks@gmail.com - [MODULES] ✅ Module selection completed and page state is updated.
2025-09-05 15:15:38,493 - INFO - [3] abhinavyaks@gmail.com - [CONTINUE] Extracting and calling 'continue' link from module page...
2025-09-05 15:15:38,498 - WARNING - [AJAX-EXTRACT] No navSection-nextLink found on options page
2025-09-05 15:15:38,505 - INFO - [FALLBACK] Looking for cs-button--arrow_next elements...
2025-09-05 15:15:38,510 - INFO - [FALLBACK] Found continue button with ID: YYIfVbbHMBjHBxekKHxq
2025-09-05 15:15:38,514 - INFO - [3] abhinavyaks@gmail.com - [SUCCESS] Navigated to participant selection page: https://www.goethe.de/checkout/next-step
2025-09-05 15:15:38,518 - INFO - [3] abhinavyaks@gmail.com - [BOOK] Searching for 'BOOK FOR MYSELF' button...
2025-09-05 15:15:38,529 - INFO - [DEBUG] Page saved to: logs\debug_participant_selection_page_20250905_151538.html
2025-09-05 15:15:38,533 - ERROR - [3] abhinavyaks@gmail.com - [ERROR] Could not determine correct Wicket AJAX URL for 'BOOK FOR MYSELF'
2025-09-05 15:15:39,345 - INFO - [1] dianapious1998@gmail.com - >>> Phase 2: Module Selection and Booking Initiation
2025-09-05 15:15:39,346 - INFO - [1] dianapious1998@gmail.com - 🔍 [SESSION CHECK] Verifying session continuity at Phase 2...
2025-09-05 15:15:39,354 - INFO - [1] dianapious1998@gmail.com - 🍪 [COOKIES] Current cookie count: 0
2025-09-05 15:15:39,365 - INFO - ℹ️ [SESSION] No cookies found - this may be expected
2025-09-05 15:15:39,370 - INFO - [1] dianapious1998@gmail.com - [MODULES] Successfully loaded module page: https://www.goethe.de/coe?lang=en&oid=7482ca79729c948ee2ef6a560b9b1ba5ca547924c10d7929081e4d472d715d3e
2025-09-05 15:15:39,379 - INFO - [1] dianapious1998@gmail.com - [MODULES] Setting up module selection...
2025-09-05 15:15:39,396 - INFO - [1] dianapious1998@gmail.com - [MODULE-CHECK] Available on page: ['READING', 'LISTENING', 'WRITING']
2025-09-05 15:15:39,401 - INFO - [1] dianapious1998@gmail.com - [MODULE-CHECK] Desired by user: ['READING', 'LISTENING']
2025-09-05 15:15:39,409 - INFO - [1] dianapious1998@gmail.com - [MODULE-CONTINUE] At least one desired module found. Attempting to book: ['READING', 'LISTENING']
2025-09-05 15:15:39,417 - WARNING - [1] dianapious1998@gmail.com - [WARN] No AJAX URL found for 'writing', cannot toggle.
2025-09-05 15:15:39,429 - INFO - [1] dianapious1998@gmail.com - ✅ [MODULES] All modules are in the correct state.
2025-09-05 15:15:39,434 - INFO - [1] dianapious1998@gmail.com - [STATE SAVE] Final booked modules set to: ['LISTENING', 'READING']
2025-09-05 15:15:39,442 - INFO - [1] dianapious1998@gmail.com - [MODULES] ✅ Module selection completed and page state is updated.
2025-09-05 15:15:39,449 - INFO - [1] dianapious1998@gmail.com - [CONTINUE] Extracting and calling 'continue' link from module page...
2025-09-05 15:15:39,459 - WARNING - [AJAX-EXTRACT] No navSection-nextLink found on options page
2025-09-05 15:15:39,466 - INFO - [FALLBACK] Looking for cs-button--arrow_next elements...
2025-09-05 15:15:39,471 - INFO - [FALLBACK] Found continue button with ID: YYIfVbbHMBjHBxekKHxq
2025-09-05 15:15:39,476 - INFO - [1] dianapious1998@gmail.com - [SUCCESS] Navigated to participant selection page: https://www.goethe.de/checkout/next-step
2025-09-05 15:15:39,480 - INFO - [1] dianapious1998@gmail.com - [BOOK] Searching for 'BOOK FOR MYSELF' button...
2025-09-05 15:15:39,494 - INFO - [DEBUG] Page saved to: logs\debug_participant_selection_page_20250905_151539.html
2025-09-05 15:15:39,498 - ERROR - [1] dianapious1998@gmail.com - [ERROR] Could not determine correct Wicket AJAX URL for 'BOOK FOR MYSELF'
2025-09-05 15:15:39,508 - INFO - ❌ [1] dianapious1998@gmail.com: Booking failed with status: FAILED
2025-09-05 15:15:39,514 - INFO - ❌ [2] miniponnappan007@gmail.com: Booking failed with status: FAILED
2025-09-05 15:15:39,520 - INFO - ❌ [3] abhinavyaks@gmail.com: Booking failed with status: FAILED
2025-09-05 15:15:39,527 - INFO - 📊 Final Tally: 0 out of 3 bookings were successful.
2025-09-05 15:15:39,549 - INFO - 🛑 Booking stopped by user
